1503414215343	geckodriver	INFO	geckodriver 0.18.0
1503414215353	geckodriver	INFO	Listening on 127.0.0.1:53303
1503414215895	geckodriver::marionette	INFO	Starting browser D:\toolsinstall\Mozilla Firefox\firefox.exe with args ["-marionette"]
1503414216105	addons.manager	DEBUG	Application has been upgraded
1503414216129	addons.manager	DEBUG	Loaded provider scope for resource://gre/modules/addons/XPIProvider.jsm: ["XPIProvider", "XPIInternal"]
1503414216132	addons.manager	DEBUG	Loaded provider scope for resource://gre/modules/LightweightThemeManager.jsm: ["LightweightThemeManager"]
1503414216160	addons.manager	DEBUG	Loaded provider scope for resource://gre/modules/addons/GMPProvider.jsm
1503414216162	addons.manager	DEBUG	Loaded provider scope for resource://gre/modules/addons/PluginProvider.jsm
1503414216163	addons.manager	DEBUG	Starting provider: XPIProvider
1503414216163	addons.xpi	DEBUG	startup
1503414216164	addons.xpi	INFO	SystemAddonInstallLocation directory is missing
1503414216164	addons.xpi	INFO	Removing all system add-on upgrades.
1503414216165	addons.xpi	DEBUG	checkForChanges
1503414216165	addons.xpi	DEBUG	Loaded add-on state: ${}
1503414216166	addons.xpi	INFO	Mapping aushelper@mozilla.org to D:\toolsinstall\Mozilla Firefox\browser\features\aushelper@mozilla.org.xpi
1503414216167	addons.xpi	INFO	Mapping clicktoplay-rollout@mozilla.org to D:\toolsinstall\Mozilla Firefox\browser\features\clicktoplay-rollout@mozilla.org.xpi
1503414216167	addons.xpi	INFO	Mapping e10srollout@mozilla.org to D:\toolsinstall\Mozilla Firefox\browser\features\e10srollout@mozilla.org.xpi
1503414216167	addons.xpi	INFO	Mapping firefox@getpocket.com to D:\toolsinstall\Mozilla Firefox\browser\features\firefox@getpocket.com.xpi
1503414216167	addons.xpi	INFO	Mapping followonsearch@mozilla.com to D:\toolsinstall\Mozilla Firefox\browser\features\followonsearch@mozilla.com.xpi
1503414216167	addons.xpi	INFO	Mapping screenshots@mozilla.org to D:\toolsinstall\Mozilla Firefox\browser\features\screenshots@mozilla.org.xpi
1503414216167	addons.xpi	INFO	Mapping shield-recipe-client@mozilla.org to D:\toolsinstall\Mozilla Firefox\browser\features\shield-recipe-client@mozilla.org.xpi
1503414216167	addons.xpi	INFO	Mapping webcompat@mozilla.org to D:\toolsinstall\Mozilla Firefox\browser\features\webcompat@mozilla.org.xpi
1503414216168	addons.xpi	DEBUG	New add-on aushelper@mozilla.org in app-system-defaults
1503414216168	addons.xpi	INFO	Mapping aushelper@mozilla.org to D:\toolsinstall\Mozilla Firefox\browser\features\aushelper@mozilla.org.xpi
1503414216169	addons.xpi	DEBUG	New add-on clicktoplay-rollout@mozilla.org in app-system-defaults
1503414216169	addons.xpi	INFO	Mapping clicktoplay-rollout@mozilla.org to D:\toolsinstall\Mozilla Firefox\browser\features\clicktoplay-rollout@mozilla.org.xpi
1503414216170	addons.xpi	DEBUG	New add-on e10srollout@mozilla.org in app-system-defaults
1503414216170	addons.xpi	INFO	Mapping e10srollout@mozilla.org to D:\toolsinstall\Mozilla Firefox\browser\features\e10srollout@mozilla.org.xpi
1503414216170	addons.xpi	DEBUG	New add-on firefox@getpocket.com in app-system-defaults
1503414216170	addons.xpi	INFO	Mapping firefox@getpocket.com to D:\toolsinstall\Mozilla Firefox\browser\features\firefox@getpocket.com.xpi
1503414216171	addons.xpi	DEBUG	New add-on followonsearch@mozilla.com in app-system-defaults
1503414216171	addons.xpi	INFO	Mapping followonsearch@mozilla.com to D:\toolsinstall\Mozilla Firefox\browser\features\followonsearch@mozilla.com.xpi
1503414216171	addons.xpi	DEBUG	New add-on screenshots@mozilla.org in app-system-defaults
1503414216171	addons.xpi	INFO	Mapping screenshots@mozilla.org to D:\toolsinstall\Mozilla Firefox\browser\features\screenshots@mozilla.org.xpi
1503414216171	addons.xpi	DEBUG	New add-on shield-recipe-client@mozilla.org in app-system-defaults
1503414216172	addons.xpi	INFO	Mapping shield-recipe-client@mozilla.org to D:\toolsinstall\Mozilla Firefox\browser\features\shield-recipe-client@mozilla.org.xpi
1503414216172	addons.xpi	DEBUG	New add-on webcompat@mozilla.org in app-system-defaults
1503414216172	addons.xpi	INFO	Mapping webcompat@mozilla.org to D:\toolsinstall\Mozilla Firefox\browser\features\webcompat@mozilla.org.xpi
1503414216172	addons.xpi	INFO	Mapping {972ce4c6-7e08-4474-a285-3208198ce6fd} to D:\toolsinstall\Mozilla Firefox\browser\extensions\{972ce4c6-7e08-4474-a285-3208198ce6fd}.xpi
1503414216172	addons.xpi	DEBUG	New add-on {972ce4c6-7e08-4474-a285-3208198ce6fd} in app-global
1503414216173	addons.xpi	INFO	Mapping {972ce4c6-7e08-4474-a285-3208198ce6fd} to D:\toolsinstall\Mozilla Firefox\browser\extensions\{972ce4c6-7e08-4474-a285-3208198ce6fd}.xpi
1503414216173	addons.xpi	DEBUG	getInstallState changed: true, state: {}
1503414216173	addons.xpi	INFO	SystemAddonInstallLocation directory is missing
1503414216182	addons.xpi-utils	DEBUG	Opening XPI database C:\Users\Administrator\AppData\Local\Temp\rust_mozprofile.7irmrPexY03S\extensions.json
1503414216183	addons.xpi-utils	DEBUG	New add-on aushelper@mozilla.org installed in app-system-defaults
*** Blocklist::_loadBlocklistFromFile: blocklist is disabled
1503414216204	DeferredSave.extensions.json	DEBUG	Save changes
1503414216206	addons.xpi-utils	DEBUG	New add-on clicktoplay-rollout@mozilla.org installed in app-system-defaults
1503414216208	DeferredSave.extensions.json	DEBUG	Starting timer
1503414216209	DeferredSave.extensions.json	DEBUG	Save changes
1503414216209	addons.xpi-utils	DEBUG	New add-on e10srollout@mozilla.org installed in app-system-defaults
1503414216212	DeferredSave.extensions.json	DEBUG	Save changes
1503414216212	addons.xpi-utils	DEBUG	New add-on firefox@getpocket.com installed in app-system-defaults
1503414216216	DeferredSave.extensions.json	DEBUG	Save changes
1503414216216	addons.xpi-utils	DEBUG	New add-on followonsearch@mozilla.com installed in app-system-defaults
1503414216218	DeferredSave.extensions.json	DEBUG	Save changes
1503414216218	addons.xpi-utils	DEBUG	New add-on screenshots@mozilla.org installed in app-system-defaults
1503414216224	DeferredSave.extensions.json	DEBUG	Save changes
1503414216224	addons.xpi-utils	DEBUG	New add-on shield-recipe-client@mozilla.org installed in app-system-defaults
1503414216227	DeferredSave.extensions.json	DEBUG	Save changes
1503414216227	addons.xpi-utils	DEBUG	New add-on webcompat@mozilla.org installed in app-system-defaults
1503414216229	DeferredSave.extensions.json	DEBUG	Save changes
1503414216229	addons.xpi-utils	DEBUG	New add-on {972ce4c6-7e08-4474-a285-3208198ce6fd} installed in app-global
1503414216231	DeferredSave.extensions.json	DEBUG	Save changes
1503414216232	addons.manager	DEBUG	Registering startup change 'installed' for aushelper@mozilla.org
1503414216239	addons.xpi	DEBUG	Loading bootstrap scope from D:\toolsinstall\Mozilla Firefox\browser\features\aushelper@mozilla.org.xpi
1503414216241	addons.xpi	DEBUG	Calling bootstrap method install on aushelper@mozilla.org version 2.0
1503414216241	addons.xpi-utils	DEBUG	Make addon app-system-defaults:aushelper@mozilla.org visible
1503414216241	addons.xpi	DEBUG	Updating XPIState for {"id":"aushelper@mozilla.org","syncGUID":"{a5a29838-ffd4-4a6a-be5a-7ab91b1e6b72}","location":"app-system-defaults","version":"2.0","type":"extension","internalName":null,"updateURL":null,"updateKey":null,"optionsURL":null,"optionsType":null,"aboutURL":null,"defaultLocale":{"name":"Application Update Service Helper","description":"Sets value(s) in the update url based on custom checks.","creator":null,"homepageURL":null},"visible":true,"active":false,"userDisabled":false,"appDisabled":false,"installDate":1503404782979,"updateDate":1503404782979,"applyBackgroundUpdates":1,"bootstrap":true,"path":"D:\\toolsinstall\\Mozilla Firefox\\browser\\features\\aushelper@mozilla.org.xpi","skinnable":false,"size":8488,"sourceURI":null,"releaseNotesURI":null,"softDisabled":false,"foreignInstall":false,"hasBinaryComponents":false,"strictCompatibility":false,"locales":[],"targetApplications":[{"id":"{ec8030f7-c20a-464f-9b0e-13a3a9e97384}","minVersion":"55.0.2","maxVersion":"55.*"}],"targetPlatforms":[],"multiprocessCompatible":true,"seen":true,"dependencies":[],"hasEmbeddedWebExtension":false,"mpcOptedOut":false,"userPermissions":null,"icons":{},"iconURL":null,"icon64URL":null}
1503414216243	DeferredSave.extensions.json	DEBUG	Save changes
1503414216243	addons.manager	DEBUG	Registering startup change 'installed' for clicktoplay-rollout@mozilla.org
1503414216244	addons.xpi	DEBUG	Loading bootstrap scope from D:\toolsinstall\Mozilla Firefox\browser\features\clicktoplay-rollout@mozilla.org.xpi
1503414216253	addons.xpi	DEBUG	Calling bootstrap method install on clicktoplay-rollout@mozilla.org version 1.2
1503414216253	addons.xpi-utils	DEBUG	Make addon app-system-defaults:clicktoplay-rollout@mozilla.org visible
1503414216253	addons.xpi	DEBUG	Updating XPIState for {"id":"clicktoplay-rollout@mozilla.org","syncGUID":"{2435ef2d-d848-4bf0-808a-d6ea0b1c2d61}","location":"app-system-defaults","version":"1.2","type":"extension","internalName":null,"updateURL":null,"updateKey":null,"optionsURL":null,"optionsType":null,"aboutURL":null,"defaultLocale":{"name":"Click-to-Play staged rollout","description":"Staged rollout for Click-to-Play Flash.","creator":null,"homepageURL":null},"visible":true,"active":false,"userDisabled":false,"appDisabled":false,"installDate":1503404783073,"updateDate":1503404783073,"applyBackgroundUpdates":1,"bootstrap":true,"path":"D:\\toolsinstall\\Mozilla Firefox\\browser\\features\\clicktoplay-rollout@mozilla.org.xpi","skinnable":false,"size":5621,"sourceURI":null,"releaseNotesURI":null,"softDisabled":false,"foreignInstall":false,"hasBinaryComponents":false,"strictCompatibility":false,"locales":[],"targetApplications":[{"id":"{ec8030f7-c20a-464f-9b0e-13a3a9e97384}","minVersion":"55.0.2","maxVersion":"55.*"}],"targetPlatforms":[],"multiprocessCompatible":true,"seen":true,"dependencies":[],"hasEmbeddedWebExtension":false,"mpcOptedOut":false,"userPermissions":null,"icons":{},"iconURL":null,"icon64URL":null}
1503414216254	DeferredSave.extensions.json	DEBUG	Save changes
1503414216254	addons.manager	DEBUG	Registering startup change 'installed' for e10srollout@mozilla.org
1503414216254	addons.xpi	DEBUG	Loading bootstrap scope from D:\toolsinstall\Mozilla Firefox\browser\features\e10srollout@mozilla.org.xpi
1503414216256	addons.xpi	DEBUG	Calling bootstrap method install on e10srollout@mozilla.org version 2.0
1503414216257	addons.xpi-utils	DEBUG	Make addon app-system-defaults:e10srollout@mozilla.org visible
1503414216257	addons.xpi	DEBUG	Updating XPIState for {"id":"e10srollout@mozilla.org","syncGUID":"{8b067810-76da-4be6-88e1-c2ce0958900f}","location":"app-system-defaults","version":"2.0","type":"extension","internalName":null,"updateURL":null,"updateKey":null,"optionsURL":null,"optionsType":null,"aboutURL":null,"defaultLocale":{"name":"Multi-process staged rollout","description":"Staged rollout of Firefox multi-process feature.","creator":null,"homepageURL":null},"visible":true,"active":false,"userDisabled":false,"appDisabled":false,"installDate":1503404782969,"updateDate":1503404782969,"applyBackgroundUpdates":1,"bootstrap":true,"path":"D:\\toolsinstall\\Mozilla Firefox\\browser\\features\\e10srollout@mozilla.org.xpi","skinnable":false,"size":13287,"sourceURI":null,"releaseNotesURI":null,"softDisabled":false,"foreignInstall":false,"hasBinaryComponents":false,"strictCompatibility":false,"locales":[],"targetApplications":[{"id":"{ec8030f7-c20a-464f-9b0e-13a3a9e97384}","minVersion":"55.0.2","maxVersion":"55.*"}],"targetPlatforms":[],"multiprocessCompatible":true,"seen":true,"dependencies":[],"hasEmbeddedWebExtension":false,"mpcOptedOut":false,"userPermissions":null,"icons":{},"iconURL":null,"icon64URL":null}
1503414216258	DeferredSave.extensions.json	DEBUG	Save changes
1503414216258	addons.manager	DEBUG	Registering startup change 'installed' for firefox@getpocket.com
1503414216258	addons.xpi	DEBUG	Loading bootstrap scope from D:\toolsinstall\Mozilla Firefox\browser\features\firefox@getpocket.com.xpi
1503414216262	addons.xpi	DEBUG	Calling bootstrap method install on firefox@getpocket.com version 1.0.5
1503414216262	addons.xpi-utils	DEBUG	Make addon app-system-defaults:firefox@getpocket.com visible
1503414216262	addons.xpi	DEBUG	Updating XPIState for {"id":"firefox@getpocket.com","syncGUID":"{2d66bb41-0aba-4122-811e-cb09ae36b083}","location":"app-system-defaults","version":"1.0.5","type":"extension","internalName":null,"updateURL":null,"updateKey":null,"optionsURL":null,"optionsType":null,"aboutURL":null,"defaultLocale":{"name":"Pocket","description":"When you find something you want to view later, put it in Pocket.","creator":null,"homepageURL":null},"visible":true,"active":false,"userDisabled":false,"appDisabled":false,"installDate":1503404782960,"updateDate":1503404782960,"applyBackgroundUpdates":1,"bootstrap":true,"path":"D:\\toolsinstall\\Mozilla Firefox\\browser\\features\\firefox@getpocket.com.xpi","skinnable":false,"size":863063,"sourceURI":null,"releaseNotesURI":null,"softDisabled":false,"foreignInstall":false,"hasBinaryComponents":false,"strictCompatibility":false,"locales":[],"targetApplications":[{"id":"{ec8030f7-c20a-464f-9b0e-13a3a9e97384}","minVersion":"55.0.2","maxVersion":"55.*"}],"targetPlatforms":[],"multiprocessCompatible":true,"seen":true,"dependencies":[],"hasEmbeddedWebExtension":false,"mpcOptedOut":false,"userPermissions":null,"icons":{},"iconURL":null,"icon64URL":null}
1503414216263	DeferredSave.extensions.json	DEBUG	Save changes
1503414216263	addons.manager	DEBUG	Registering startup change 'installed' for followonsearch@mozilla.com
1503414216263	addons.xpi	DEBUG	Loading bootstrap scope from D:\toolsinstall\Mozilla Firefox\browser\features\followonsearch@mozilla.com.xpi
1503414216265	addons.xpi	DEBUG	Calling bootstrap method install on followonsearch@mozilla.com version 0.9.1
1503414216265	addons.xpi-utils	DEBUG	Make addon app-system-defaults:followonsearch@mozilla.com visible
1503414216265	addons.xpi	DEBUG	Updating XPIState for {"id":"followonsearch@mozilla.com","syncGUID":"{80f6e5fa-3c03-4eac-8e5e-93596382f347}","location":"app-system-defaults","version":"0.9.1","type":"extension","internalName":null,"updateURL":null,"updateKey":null,"optionsURL":null,"optionsType":null,"aboutURL":null,"defaultLocale":{"name":"Follow-on Search Telemetry","description":null,"creator":null,"homepageURL":null},"visible":true,"active":false,"userDisabled":false,"appDisabled":false,"installDate":1503404783066,"updateDate":1503404783066,"applyBackgroundUpdates":1,"bootstrap":true,"path":"D:\\toolsinstall\\Mozilla Firefox\\browser\\features\\followonsearch@mozilla.com.xpi","skinnable":false,"size":16730,"sourceURI":null,"releaseNotesURI":null,"softDisabled":false,"foreignInstall":false,"hasBinaryComponents":false,"strictCompatibility":false,"locales":[],"targetApplications":[{"id":"{ec8030f7-c20a-464f-9b0e-13a3a9e97384}","minVersion":"52.0","maxVersion":"59.*"}],"targetPlatforms":[],"multiprocessCompatible":true,"seen":true,"dependencies":[],"hasEmbeddedWebExtension":false,"mpcOptedOut":false,"userPermissions":null,"icons":{},"iconURL":null,"icon64URL":null}
1503414216266	DeferredSave.extensions.json	DEBUG	Save changes
1503414216266	addons.manager	DEBUG	Registering startup change 'installed' for screenshots@mozilla.org
1503414216266	addons.xpi	DEBUG	Loading bootstrap scope from D:\toolsinstall\Mozilla Firefox\browser\features\screenshots@mozilla.org.xpi
1503414216268	addons.xpi	DEBUG	Calling bootstrap method install on screenshots@mozilla.org version 10.10.0
1503414216268	addons.xpi-utils	DEBUG	Make addon app-system-defaults:screenshots@mozilla.org visible
1503414216268	addons.xpi	DEBUG	Updating XPIState for {"id":"screenshots@mozilla.org","syncGUID":"{323a6e12-6951-4f5c-a7f2-f53146278d21}","location":"app-system-defaults","version":"10.10.0","type":"extension","internalName":null,"updateURL":null,"updateKey":null,"optionsURL":null,"optionsType":null,"aboutURL":null,"defaultLocale":{"name":"Firefox Screenshots","description":null,"creator":null,"homepageURL":"https://pageshot.net/"},"visible":true,"active":false,"userDisabled":false,"appDisabled":false,"installDate":1503404782940,"updateDate":1503404782940,"applyBackgroundUpdates":1,"bootstrap":true,"path":"D:\\toolsinstall\\Mozilla Firefox\\browser\\features\\screenshots@mozilla.org.xpi","skinnable":false,"size":651762,"sourceURI":null,"releaseNotesURI":null,"softDisabled":false,"foreignInstall":false,"hasBinaryComponents":false,"strictCompatibility":false,"locales":[],"targetApplications":[{"id":"{ec8030f7-c20a-464f-9b0e-13a3a9e97384}","minVersion":"51.0a1","maxVersion":"*"}],"targetPlatforms":[],"multiprocessCompatible":true,"seen":true,"dependencies":[],"hasEmbeddedWebExtension":false,"mpcOptedOut":false,"userPermissions":null,"icons":{},"iconURL":null,"icon64URL":null}
1503414216269	DeferredSave.extensions.json	DEBUG	Save changes
1503414216269	addons.manager	DEBUG	Registering startup change 'installed' for shield-recipe-client@mozilla.org
1503414216269	addons.xpi	DEBUG	Loading bootstrap scope from D:\toolsinstall\Mozilla Firefox\browser\features\shield-recipe-client@mozilla.org.xpi
1503414216271	addons.xpi	DEBUG	Calling bootstrap method install on shield-recipe-client@mozilla.org version 55.1
1503414216271	addons.xpi-utils	DEBUG	Make addon app-system-defaults:shield-recipe-client@mozilla.org visible
1503414216271	addons.xpi	DEBUG	Updating XPIState for {"id":"shield-recipe-client@mozilla.org","syncGUID":"{b484ecd5-a9b0-4130-886b-a211c44a873e}","location":"app-system-defaults","version":"55.1","type":"extension","internalName":null,"updateURL":null,"updateKey":null,"optionsURL":null,"optionsType":null,"aboutURL":null,"defaultLocale":{"name":"Shield Recipe Client","description":"Client to download and run recipes for SHIELD, Heartbeat, etc.","creator":null,"homepageURL":null},"visible":true,"active":false,"userDisabled":false,"appDisabled":false,"installDate":1503404783060,"updateDate":1503404783060,"applyBackgroundUpdates":1,"bootstrap":true,"path":"D:\\toolsinstall\\Mozilla Firefox\\browser\\features\\shield-recipe-client@mozilla.org.xpi","skinnable":false,"size":140305,"sourceURI":null,"releaseNotesURI":null,"softDisabled":false,"foreignInstall":false,"hasBinaryComponents":false,"strictCompatibility":false,"locales":[],"targetApplications":[{"id":"{ec8030f7-c20a-464f-9b0e-13a3a9e97384}","minVersion":"55.0.2","maxVersion":"55.*"}],"targetPlatforms":[],"multiprocessCompatible":true,"seen":true,"dependencies":[],"hasEmbeddedWebExtension":false,"mpcOptedOut":false,"userPermissions":null,"icons":{},"iconURL":null,"icon64URL":null}
1503414216271	DeferredSave.extensions.json	DEBUG	Save changes
1503414216271	addons.manager	DEBUG	Registering startup change 'installed' for webcompat@mozilla.org
1503414216272	addons.xpi	DEBUG	Loading bootstrap scope from D:\toolsinstall\Mozilla Firefox\browser\features\webcompat@mozilla.org.xpi
1503414216273	addons.xpi	DEBUG	Calling bootstrap method install on webcompat@mozilla.org version 1.1
1503414216273	addons.xpi-utils	DEBUG	Make addon app-system-defaults:webcompat@mozilla.org visible
1503414216274	addons.xpi	DEBUG	Updating XPIState for {"id":"webcompat@mozilla.org","syncGUID":"{4d5f226b-9016-411a-88e3-de7720011475}","location":"app-system-defaults","version":"1.1","type":"extension","internalName":null,"updateURL":null,"updateKey":null,"optionsURL":null,"optionsType":null,"aboutURL":null,"defaultLocale":{"name":"Web Compat","description":"Urgent post-release fixes for web compatibility.","creator":null,"homepageURL":null},"visible":true,"active":false,"userDisabled":false,"appDisabled":false,"installDate":1503404782902,"updateDate":1503404782902,"applyBackgroundUpdates":1,"bootstrap":true,"path":"D:\\toolsinstall\\Mozilla Firefox\\browser\\features\\webcompat@mozilla.org.xpi","skinnable":false,"size":8992,"sourceURI":null,"releaseNotesURI":null,"softDisabled":false,"foreignInstall":false,"hasBinaryComponents":false,"strictCompatibility":false,"locales":[],"targetApplications":[{"id":"{ec8030f7-c20a-464f-9b0e-13a3a9e97384}","minVersion":"55.0.2","maxVersion":"55.*"}],"targetPlatforms":[],"multiprocessCompatible":true,"seen":true,"dependencies":[],"hasEmbeddedWebExtension":false,"mpcOptedOut":false,"userPermissions":null,"icons":{},"iconURL":null,"icon64URL":null}
1503414216274	DeferredSave.extensions.json	DEBUG	Save changes
1503414216274	addons.xpi-utils	DEBUG	Make addon app-global:{972ce4c6-7e08-4474-a285-3208198ce6fd} visible
1503414216274	addons.xpi	DEBUG	Updating XPIState for {"id":"{972ce4c6-7e08-4474-a285-3208198ce6fd}","syncGUID":"{e222443a-b29c-4d32-b6aa-601b8f52aed7}","location":"app-global","version":"55.0.2","type":"theme","internalName":"classic/1.0","updateURL":null,"updateKey":null,"optionsURL":null,"optionsType":null,"optionsBrowserStyle":null,"aboutURL":null,"defaultLocale":{"name":"Default","description":"The default theme.","creator":"Mozilla","homepageURL":null,"contributors":["Mozilla Contributors"]},"visible":true,"active":false,"userDisabled":false,"appDisabled":false,"installDate":1503404782988,"updateDate":1503404782988,"applyBackgroundUpdates":1,"path":"D:\\toolsinstall\\Mozilla Firefox\\browser\\extensions\\{972ce4c6-7e08-4474-a285-3208198ce6fd}.xpi","skinnable":true,"size":7559,"sourceURI":null,"releaseNotesURI":null,"softDisabled":false,"foreignInstall":false,"hasBinaryComponents":false,"strictCompatibility":true,"locales":[],"targetApplications":[{"id":"{ec8030f7-c20a-464f-9b0e-13a3a9e97384}","minVersion":"55.0.2","maxVersion":"55.0.2"}],"targetPlatforms":[],"seen":true,"dependencies":[],"hasEmbeddedWebExtension":false,"userPermissions":null,"icons":{},"iconURL":"chrome://browser/content/default-theme-icon.svg","icon64URL":null}
1503414216275	DeferredSave.extensions.json	DEBUG	Save changes
1503414216275	addons.xpi	DEBUG	Updating XPIState for {"id":"aushelper@mozilla.org","syncGUID":"{a5a29838-ffd4-4a6a-be5a-7ab91b1e6b72}","location":"app-system-defaults","version":"2.0","type":"extension","internalName":null,"updateURL":null,"updateKey":null,"optionsURL":null,"optionsType":null,"aboutURL":null,"defaultLocale":{"name":"Application Update Service Helper","description":"Sets value(s) in the update url based on custom checks.","creator":null,"homepageURL":null},"visible":true,"active":true,"userDisabled":false,"appDisabled":false,"installDate":1503404782979,"updateDate":1503404782979,"applyBackgroundUpdates":1,"bootstrap":true,"path":"D:\\toolsinstall\\Mozilla Firefox\\browser\\features\\aushelper@mozilla.org.xpi","skinnable":false,"size":8488,"sourceURI":null,"releaseNotesURI":null,"softDisabled":false,"foreignInstall":false,"hasBinaryComponents":false,"strictCompatibility":false,"locales":[],"targetApplications":[{"id":"{ec8030f7-c20a-464f-9b0e-13a3a9e97384}","minVersion":"55.0.2","maxVersion":"55.*"}],"targetPlatforms":[],"multiprocessCompatible":true,"seen":true,"dependencies":[],"hasEmbeddedWebExtension":false,"mpcOptedOut":false,"userPermissions":null,"icons":{},"iconURL":null,"icon64URL":null}
1503414216276	addons.xpi	DEBUG	Updating XPIState for {"id":"clicktoplay-rollout@mozilla.org","syncGUID":"{2435ef2d-d848-4bf0-808a-d6ea0b1c2d61}","location":"app-system-defaults","version":"1.2","type":"extension","internalName":null,"updateURL":null,"updateKey":null,"optionsURL":null,"optionsType":null,"aboutURL":null,"defaultLocale":{"name":"Click-to-Play staged rollout","description":"Staged rollout for Click-to-Play Flash.","creator":null,"homepageURL":null},"visible":true,"active":true,"userDisabled":false,"appDisabled":false,"installDate":1503404783073,"updateDate":1503404783073,"applyBackgroundUpdates":1,"bootstrap":true,"path":"D:\\toolsinstall\\Mozilla Firefox\\browser\\features\\clicktoplay-rollout@mozilla.org.xpi","skinnable":false,"size":5621,"sourceURI":null,"releaseNotesURI":null,"softDisabled":false,"foreignInstall":false,"hasBinaryComponents":false,"strictCompatibility":false,"locales":[],"targetApplications":[{"id":"{ec8030f7-c20a-464f-9b0e-13a3a9e97384}","minVersion":"55.0.2","maxVersion":"55.*"}],"targetPlatforms":[],"multiprocessCompatible":true,"seen":true,"dependencies":[],"hasEmbeddedWebExtension":false,"mpcOptedOut":false,"userPermissions":null,"icons":{},"iconURL":null,"icon64URL":null}
1503414216276	addons.xpi	DEBUG	Updating XPIState for {"id":"e10srollout@mozilla.org","syncGUID":"{8b067810-76da-4be6-88e1-c2ce0958900f}","location":"app-system-defaults","version":"2.0","type":"extension","internalName":null,"updateURL":null,"updateKey":null,"optionsURL":null,"optionsType":null,"aboutURL":null,"defaultLocale":{"name":"Multi-process staged rollout","description":"Staged rollout of Firefox multi-process feature.","creator":null,"homepageURL":null},"visible":true,"active":true,"userDisabled":false,"appDisabled":false,"installDate":1503404782969,"updateDate":1503404782969,"applyBackgroundUpdates":1,"bootstrap":true,"path":"D:\\toolsinstall\\Mozilla Firefox\\browser\\features\\e10srollout@mozilla.org.xpi","skinnable":false,"size":13287,"sourceURI":null,"releaseNotesURI":null,"softDisabled":false,"foreignInstall":false,"hasBinaryComponents":false,"strictCompatibility":false,"locales":[],"targetApplications":[{"id":"{ec8030f7-c20a-464f-9b0e-13a3a9e97384}","minVersion":"55.0.2","maxVersion":"55.*"}],"targetPlatforms":[],"multiprocessCompatible":true,"seen":true,"dependencies":[],"hasEmbeddedWebExtension":false,"mpcOptedOut":false,"userPermissions":null,"icons":{},"iconURL":null,"icon64URL":null}
1503414216276	addons.xpi	DEBUG	Updating XPIState for {"id":"firefox@getpocket.com","syncGUID":"{2d66bb41-0aba-4122-811e-cb09ae36b083}","location":"app-system-defaults","version":"1.0.5","type":"extension","internalName":null,"updateURL":null,"updateKey":null,"optionsURL":null,"optionsType":null,"aboutURL":null,"defaultLocale":{"name":"Pocket","description":"When you find something you want to view later, put it in Pocket.","creator":null,"homepageURL":null},"visible":true,"active":true,"userDisabled":false,"appDisabled":false,"installDate":1503404782960,"updateDate":1503404782960,"applyBackgroundUpdates":1,"bootstrap":true,"path":"D:\\toolsinstall\\Mozilla Firefox\\browser\\features\\firefox@getpocket.com.xpi","skinnable":false,"size":863063,"sourceURI":null,"releaseNotesURI":null,"softDisabled":false,"foreignInstall":false,"hasBinaryComponents":false,"strictCompatibility":false,"locales":[],"targetApplications":[{"id":"{ec8030f7-c20a-464f-9b0e-13a3a9e97384}","minVersion":"55.0.2","maxVersion":"55.*"}],"targetPlatforms":[],"multiprocessCompatible":true,"seen":true,"dependencies":[],"hasEmbeddedWebExtension":false,"mpcOptedOut":false,"userPermissions":null,"icons":{},"iconURL":null,"icon64URL":null}
1503414216276	addons.xpi	DEBUG	Updating XPIState for {"id":"followonsearch@mozilla.com","syncGUID":"{80f6e5fa-3c03-4eac-8e5e-93596382f347}","location":"app-system-defaults","version":"0.9.1","type":"extension","internalName":null,"updateURL":null,"updateKey":null,"optionsURL":null,"optionsType":null,"aboutURL":null,"defaultLocale":{"name":"Follow-on Search Telemetry","description":null,"creator":null,"homepageURL":null},"visible":true,"active":true,"userDisabled":false,"appDisabled":false,"installDate":1503404783066,"updateDate":1503404783066,"applyBackgroundUpdates":1,"bootstrap":true,"path":"D:\\toolsinstall\\Mozilla Firefox\\browser\\features\\followonsearch@mozilla.com.xpi","skinnable":false,"size":16730,"sourceURI":null,"releaseNotesURI":null,"softDisabled":false,"foreignInstall":false,"hasBinaryComponents":false,"strictCompatibility":false,"locales":[],"targetApplications":[{"id":"{ec8030f7-c20a-464f-9b0e-13a3a9e97384}","minVersion":"52.0","maxVersion":"59.*"}],"targetPlatforms":[],"multiprocessCompatible":true,"seen":true,"dependencies":[],"hasEmbeddedWebExtension":false,"mpcOptedOut":false,"userPermissions":null,"icons":{},"iconURL":null,"icon64URL":null}
1503414216277	addons.xpi	DEBUG	Updating XPIState for {"id":"screenshots@mozilla.org","syncGUID":"{323a6e12-6951-4f5c-a7f2-f53146278d21}","location":"app-system-defaults","version":"10.10.0","type":"extension","internalName":null,"updateURL":null,"updateKey":null,"optionsURL":null,"optionsType":null,"aboutURL":null,"defaultLocale":{"name":"Firefox Screenshots","description":null,"creator":null,"homepageURL":"https://pageshot.net/"},"visible":true,"active":true,"userDisabled":false,"appDisabled":false,"installDate":1503404782940,"updateDate":1503404782940,"applyBackgroundUpdates":1,"bootstrap":true,"path":"D:\\toolsinstall\\Mozilla Firefox\\browser\\features\\screenshots@mozilla.org.xpi","skinnable":false,"size":651762,"sourceURI":null,"releaseNotesURI":null,"softDisabled":false,"foreignInstall":false,"hasBinaryComponents":false,"strictCompatibility":false,"locales":[],"targetApplications":[{"id":"{ec8030f7-c20a-464f-9b0e-13a3a9e97384}","minVersion":"51.0a1","maxVersion":"*"}],"targetPlatforms":[],"multiprocessCompatible":true,"seen":true,"dependencies":[],"hasEmbeddedWebExtension":false,"mpcOptedOut":false,"userPermissions":null,"icons":{},"iconURL":null,"icon64URL":null}
1503414216277	addons.xpi	DEBUG	Updating XPIState for {"id":"shield-recipe-client@mozilla.org","syncGUID":"{b484ecd5-a9b0-4130-886b-a211c44a873e}","location":"app-system-defaults","version":"55.1","type":"extension","internalName":null,"updateURL":null,"updateKey":null,"optionsURL":null,"optionsType":null,"aboutURL":null,"defaultLocale":{"name":"Shield Recipe Client","description":"Client to download and run recipes for SHIELD, Heartbeat, etc.","creator":null,"homepageURL":null},"visible":true,"active":true,"userDisabled":false,"appDisabled":false,"installDate":1503404783060,"updateDate":1503404783060,"applyBackgroundUpdates":1,"bootstrap":true,"path":"D:\\toolsinstall\\Mozilla Firefox\\browser\\features\\shield-recipe-client@mozilla.org.xpi","skinnable":false,"size":140305,"sourceURI":null,"releaseNotesURI":null,"softDisabled":false,"foreignInstall":false,"hasBinaryComponents":false,"strictCompatibility":false,"locales":[],"targetApplications":[{"id":"{ec8030f7-c20a-464f-9b0e-13a3a9e97384}","minVersion":"55.0.2","maxVersion":"55.*"}],"targetPlatforms":[],"multiprocessCompatible":true,"seen":true,"dependencies":[],"hasEmbeddedWebExtension":false,"mpcOptedOut":false,"userPermissions":null,"icons":{},"iconURL":null,"icon64URL":null}
1503414216277	addons.xpi	DEBUG	Updating XPIState for {"id":"webcompat@mozilla.org","syncGUID":"{4d5f226b-9016-411a-88e3-de7720011475}","location":"app-system-defaults","version":"1.1","type":"extension","internalName":null,"updateURL":null,"updateKey":null,"optionsURL":null,"optionsType":null,"aboutURL":null,"defaultLocale":{"name":"Web Compat","description":"Urgent post-release fixes for web compatibility.","creator":null,"homepageURL":null},"visible":true,"active":true,"userDisabled":false,"appDisabled":false,"installDate":1503404782902,"updateDate":1503404782902,"applyBackgroundUpdates":1,"bootstrap":true,"path":"D:\\toolsinstall\\Mozilla Firefox\\browser\\features\\webcompat@mozilla.org.xpi","skinnable":false,"size":8992,"sourceURI":null,"releaseNotesURI":null,"softDisabled":false,"foreignInstall":false,"hasBinaryComponents":false,"strictCompatibility":false,"locales":[],"targetApplications":[{"id":"{ec8030f7-c20a-464f-9b0e-13a3a9e97384}","minVersion":"55.0.2","maxVersion":"55.*"}],"targetPlatforms":[],"multiprocessCompatible":true,"seen":true,"dependencies":[],"hasEmbeddedWebExtension":false,"mpcOptedOut":false,"userPermissions":null,"icons":{},"iconURL":null,"icon64URL":null}
1503414216277	addons.xpi	DEBUG	Updating XPIState for {"id":"{972ce4c6-7e08-4474-a285-3208198ce6fd}","syncGUID":"{e222443a-b29c-4d32-b6aa-601b8f52aed7}","location":"app-global","version":"55.0.2","type":"theme","internalName":"classic/1.0","updateURL":null,"updateKey":null,"optionsURL":null,"optionsType":null,"optionsBrowserStyle":null,"aboutURL":null,"defaultLocale":{"name":"Default","description":"The default theme.","creator":"Mozilla","homepageURL":null,"contributors":["Mozilla Contributors"]},"visible":true,"active":true,"userDisabled":false,"appDisabled":false,"installDate":1503404782988,"updateDate":1503404782988,"applyBackgroundUpdates":1,"path":"D:\\toolsinstall\\Mozilla Firefox\\browser\\extensions\\{972ce4c6-7e08-4474-a285-3208198ce6fd}.xpi","skinnable":true,"size":7559,"sourceURI":null,"releaseNotesURI":null,"softDisabled":false,"foreignInstall":false,"hasBinaryComponents":false,"strictCompatibility":true,"locales":[],"targetApplications":[{"id":"{ec8030f7-c20a-464f-9b0e-13a3a9e97384}","minVersion":"55.0.2","maxVersion":"55.0.2"}],"targetPlatforms":[],"seen":true,"dependencies":[],"hasEmbeddedWebExtension":false,"userPermissions":null,"icons":{},"iconURL":"chrome://browser/content/default-theme-icon.svg","icon64URL":null}
1503414216278	DeferredSave.extensions.json	DEBUG	Save changes
1503414216278	addons.xpi	DEBUG	Updating database with changes to installed add-ons
1503414216278	addons.xpi-utils	DEBUG	Updating add-on states
1503414216282	addons.xpi	DEBUG	Registering manifest for D:\toolsinstall\Mozilla Firefox\browser\features\aushelper@mozilla.org.xpi
1503414216283	addons.xpi	DEBUG	Calling bootstrap method startup on aushelper@mozilla.org version 2.0
1503414216285	addons.xpi	DEBUG	Registering manifest for D:\toolsinstall\Mozilla Firefox\browser\features\clicktoplay-rollout@mozilla.org.xpi
1503414216285	addons.xpi	DEBUG	Calling bootstrap method startup on clicktoplay-rollout@mozilla.org version 1.2
1503414216336	addons.xpi	DEBUG	Registering manifest for D:\toolsinstall\Mozilla Firefox\browser\features\e10srollout@mozilla.org.xpi
1503414216336	addons.xpi	DEBUG	Calling bootstrap method startup on e10srollout@mozilla.org version 2.0
1503414216337	addons.xpi	DEBUG	Registering manifest for D:\toolsinstall\Mozilla Firefox\browser\features\firefox@getpocket.com.xpi
1503414216337	addons.xpi	DEBUG	Calling bootstrap method startup on firefox@getpocket.com version 1.0.5
1503414216366	addons.xpi	DEBUG	Registering manifest for D:\toolsinstall\Mozilla Firefox\browser\features\followonsearch@mozilla.com.xpi
1503414216366	addons.xpi	DEBUG	Calling bootstrap method startup on followonsearch@mozilla.com version 0.9.1
1503414216367	addons.xpi	DEBUG	Registering manifest for D:\toolsinstall\Mozilla Firefox\browser\features\screenshots@mozilla.org.xpi
1503414216367	addons.xpi	DEBUG	Calling bootstrap method startup on screenshots@mozilla.org version 10.10.0
1503414216367	addons.xpi	DEBUG	Registering manifest for D:\toolsinstall\Mozilla Firefox\browser\features\shield-recipe-client@mozilla.org.xpi
1503414216368	addons.xpi	DEBUG	Calling bootstrap method startup on shield-recipe-client@mozilla.org version 55.1
1503414216375	addons.xpi	DEBUG	Registering manifest for D:\toolsinstall\Mozilla Firefox\browser\features\webcompat@mozilla.org.xpi
1503414216376	addons.xpi	DEBUG	Calling bootstrap method startup on webcompat@mozilla.org version 1.1
1503414216385	addons.manager	DEBUG	Registering shutdown blocker for XPIProvider
1503414216386	addons.manager	DEBUG	Provider finished startup: XPIProvider
1503414216386	addons.manager	DEBUG	Starting provider: LightweightThemeManager
1503414216386	addons.manager	DEBUG	Registering shutdown blocker for LightweightThemeManager
1503414216386	addons.manager	DEBUG	Provider finished startup: LightweightThemeManager
1503414216386	addons.manager	DEBUG	Starting provider: GMPProvider
1503414216395	addons.manager	DEBUG	Registering shutdown blocker for GMPProvider
1503414216395	addons.manager	DEBUG	Provider finished startup: GMPProvider
1503414216396	addons.manager	DEBUG	Starting provider: PluginProvider
1503414216396	addons.manager	DEBUG	Registering shutdown blocker for PluginProvider
1503414216396	addons.manager	DEBUG	Provider finished startup: PluginProvider
1503414216396	addons.manager	DEBUG	Completed startup sequence
1503414216480	Marionette	INFO	Enabled via --marionette
1503414216686	addons.manager	DEBUG	Starting provider: PreviousExperimentProvider
1503414216686	addons.manager	DEBUG	Registering shutdown blocker for PreviousExperimentProvider
1503414216686	addons.manager	DEBUG	Provider finished startup: PreviousExperimentProvider
1503414216687	DeferredSave.extensions.json	DEBUG	Starting write
1503414216875	DeferredSave.extensions.json	DEBUG	Write succeeded
1503414216875	addons.xpi-utils	DEBUG	XPI Database saved, setting schema version preference to 21
1503414217685	addons.manager	DEBUG	Starting provider: <unnamed-provider>
1503414217685	addons.manager	DEBUG	Registering shutdown blocker for <unnamed-provider>
1503414217685	addons.manager	DEBUG	Provider finished startup: <unnamed-provider>
1503414217689	addons.xpi	INFO	Mapping aushelper@mozilla.org to D:\toolsinstall\Mozilla Firefox\browser\features\aushelper@mozilla.org.xpi
1503414217689	addons.xpi	INFO	Mapping clicktoplay-rollout@mozilla.org to D:\toolsinstall\Mozilla Firefox\browser\features\clicktoplay-rollout@mozilla.org.xpi
1503414217689	addons.xpi	INFO	Mapping e10srollout@mozilla.org to D:\toolsinstall\Mozilla Firefox\browser\features\e10srollout@mozilla.org.xpi
1503414217689	addons.xpi	INFO	Mapping firefox@getpocket.com to D:\toolsinstall\Mozilla Firefox\browser\features\firefox@getpocket.com.xpi
1503414217689	addons.xpi	INFO	Mapping followonsearch@mozilla.com to D:\toolsinstall\Mozilla Firefox\browser\features\followonsearch@mozilla.com.xpi
1503414217689	addons.xpi	INFO	Mapping screenshots@mozilla.org to D:\toolsinstall\Mozilla Firefox\browser\features\screenshots@mozilla.org.xpi
1503414217689	addons.xpi	INFO	Mapping shield-recipe-client@mozilla.org to D:\toolsinstall\Mozilla Firefox\browser\features\shield-recipe-client@mozilla.org.xpi
1503414217689	addons.xpi	INFO	Mapping webcompat@mozilla.org to D:\toolsinstall\Mozilla Firefox\browser\features\webcompat@mozilla.org.xpi
1503414217690	addons.xpi	DEBUG	Existing add-on aushelper@mozilla.org in app-system-defaults
1503414217690	addons.xpi	DEBUG	Existing add-on clicktoplay-rollout@mozilla.org in app-system-defaults
1503414217690	addons.xpi	DEBUG	Existing add-on e10srollout@mozilla.org in app-system-defaults
1503414217691	addons.xpi	DEBUG	Existing add-on firefox@getpocket.com in app-system-defaults
1503414217691	addons.xpi	DEBUG	Existing add-on followonsearch@mozilla.com in app-system-defaults
1503414217691	addons.xpi	DEBUG	Existing add-on screenshots@mozilla.org in app-system-defaults
1503414217691	addons.xpi	DEBUG	Existing add-on shield-recipe-client@mozilla.org in app-system-defaults
1503414217691	addons.xpi	DEBUG	Existing add-on webcompat@mozilla.org in app-system-defaults
1503414217692	addons.xpi	INFO	Mapping {972ce4c6-7e08-4474-a285-3208198ce6fd} to D:\toolsinstall\Mozilla Firefox\browser\extensions\{972ce4c6-7e08-4474-a285-3208198ce6fd}.xpi
1503414217692	addons.xpi	DEBUG	Existing add-on {972ce4c6-7e08-4474-a285-3208198ce6fd} in app-global
1503414217692	addons.xpi	DEBUG	getInstallState changed: false, state: {}
Unable to read VR Path Registry from C:\Users\Administrator\AppData\Local\openvr\openvrpaths.vrpath
[Child 10576] WARNING: pipe error: 109: file c:/builds/moz2_slave/m-rel-w64-00000000000000000000/build/src/ipc/chromium/src/chrome/common/ipc_channel_win.cc, line 346
[Child 10576] WARNING: pipe error: 109: file c:/builds/moz2_slave/m-rel-w64-00000000000000000000/build/src/ipc/chromium/src/chrome/common/ipc_channel_win.cc, line 346
1503414217763	addons.productaddons	INFO	sending request to: https://aus5.mozilla.org/update/3/GMP/55.0.2/20170814072924/WINNT_x86_64-msvc-x64/zh-CN/release-cck-mozillaonline/Windows_NT%206.1.1.0%20(x64)/MozillaOnline/2017.1/update.xml
1503414217938	Marionette	INFO	Listening on port 53307
1503414217970	Marionette	INFO	Listening on port 53307
1503414218033	Marionette	WARN	TLS certificate errors will be ignored for this session
1503414218066	Marionette	DEBUG	loaded listener.js
1503414218091	Marionette	DEBUG	Received DOM event "beforeunload" for "about:blank"
1503414218279	Marionette	DEBUG	Received DOM event "pagehide" for "about:blank"
1503414218280	Marionette	DEBUG	Received DOM event "unload" for "about:blank"
Unable to read VR Path Registry from C:\Users\Administrator\AppData\Local\openvr\openvrpaths.vrpath
JavaScript warning: http://res.xy2.cbg.163.com/rc13ee7e473282e8a3c509/js/mootools-core-1.3.2.js, line 105: String.toLowerCase is deprecated; use String.prototype.toLowerCase instead
JavaScript warning: http://res.xy2.cbg.163.com/rc13ee7e473282e8a3c509/js/base.js?v=0923, line 241: unreachable code after return statement
1503414218834	Marionette	DEBUG	Received DOM event "DOMContentLoaded" for "http://xy2.cbg.163.com/"
1503414219289	addons.productaddons	INFO	Completed downloading document
1503414220158	Marionette	DEBUG	Received DOM event "pageshow" for "http://xy2.cbg.163.com/"
1503414220176	addons.productaddons	INFO	downloadXHR File download. status=200
1503414220186	addons.productaddons	INFO	Downloaded file will be saved to C:\Users\Administrator\AppData\Local\Temp\tmpaddon
1503414220437	Marionette	DEBUG	Canceled page load listener because no navigation has been detected
1503414220482	Marionette	DEBUG	Received DOM event "beforeunload" for "http://xy2.cbg.163.com/"
1503414220489	Marionette	DEBUG	Received DOM event "hashchange" for "http://xy2.cbg.163.com/#"
JavaScript warning: https://cbg-xy2.res.netease.com/rc13ee7e473282e8a3c509/js/mootools-core-1.3.2.js, line 105: String.toLowerCase is deprecated; use String.prototype.toLowerCase instead
JavaScript warning: https://cbg-xy2.res.netease.com/rc13ee7e473282e8a3c509/js/base.js?v=0923, line 241: unreachable code after return statement
JavaScript warning: https://dl.reg.163.com/src/mp-agent-finger.html?WEBZJVersion=1500553343306&pkid=aqpOBwV&product=cbg, line 219: unreachable code after return statement
JavaScript warning: https://dl.reg.163.com/src/mp-agent-finger.html?WEBZJVersion=1500553343306&pkid=aqpOBwV&product=cbg, line 219: unreachable code after return statement
1503414228529	addons.productaddons	INFO	downloadXHR File download. status=200
1503414228541	addons.productaddons	INFO	Downloaded file will be saved to C:\Users\Administrator\AppData\Local\Temp\tmpaddon
JavaScript warning: http://res.xy2.cbg.163.com/rc13ee7e473282e8a3c509/js/mootools-core-1.3.2.js, line 105: String.toLowerCase is deprecated; use String.prototype.toLowerCase instead
JavaScript warning: http://res.xy2.cbg.163.com/rc13ee7e473282e8a3c509/js/base.js?v=0923, line 241: unreachable code after return statement
1503414250581	Marionette	DEBUG	Received DOM event "beforeunload" for "http://xy2.cbg.163.com/cgi-bin/login.py?act=show_role_select_page&select_roleid="
1503414251117	Marionette	DEBUG	Received DOM event "pagehide" for "http://xy2.cbg.163.com/cgi-bin/login.py?act=show_role_select_page&select_roleid="
1503414251117	Marionette	DEBUG	Received DOM event "unload" for "http://xy2.cbg.163.com/cgi-bin/login.py?act=show_role_select_page&select_roleid="
JavaScript warning: http://res.xy2.cbg.163.com/rc13ee7e473282e8a3c509/js/mootools-core-1.3.2.js, line 105: String.toLowerCase is deprecated; use String.prototype.toLowerCase instead
JavaScript warning: http://res.xy2.cbg.163.com/rc13ee7e473282e8a3c509/js/base.js?v=0923, line 241: unreachable code after return statement
JavaScript warning: http://res.xy2.cbg.163.com/rc13ee7e473282e8a3c509/js/base.js?v=0923, line 241: unreachable code after return statement
1503414251484	Marionette	DEBUG	Received DOM event "DOMContentLoaded" for "http://xy2.cbg.163.com/cgi-bin/equipquery.py?act=query"
1503414251761	Marionette	DEBUG	Received DOM event "pageshow" for "http://xy2.cbg.163.com/cgi-bin/equipquery.py?act=query"
1503414261784	Marionette	DEBUG	Received DOM event "beforeunload" for "http://xy2.cbg.163.com/cgi-bin/equipquery.py?act=query"
1503414262159	Marionette	DEBUG	Received DOM event "pagehide" for "http://xy2.cbg.163.com/cgi-bin/equipquery.py?act=query"
1503414262159	Marionette	DEBUG	Received DOM event "unload" for "http://xy2.cbg.163.com/cgi-bin/equipquery.py?act=query"
JavaScript warning: http://res.xy2.cbg.163.com/rc13ee7e473282e8a3c509/js/mootools-core-1.3.2.js, line 105: String.toLowerCase is deprecated; use String.prototype.toLowerCase instead
JavaScript warning: http://res.xy2.cbg.163.com/rc13ee7e473282e8a3c509/js/base.js?v=0116, line 241: unreachable code after return statement
1503414262398	Marionette	DEBUG	Received DOM event "DOMContentLoaded" for "http://xy2.cbg.163.com/cgi-bin/equipquery.py?act=show_overall_search_pet"
1503414262650	Marionette	DEBUG	Received DOM event "pageshow" for "http://xy2.cbg.163.com/cgi-bin/equipquery.py?act=show_overall_search_pet"
1503414262665	Marionette	DEBUG	Received DOM event "beforeunload" for "http://xy2.cbg.163.com/cgi-bin/equipquery.py?act=show_overall_search_pet"
1503414262887	Marionette	DEBUG	Received DOM event "pagehide" for "http://xy2.cbg.163.com/cgi-bin/equipquery.py?act=show_overall_search_pet"
1503414262887	Marionette	DEBUG	Received DOM event "unload" for "http://xy2.cbg.163.com/cgi-bin/equipquery.py?act=show_overall_search_pet"
JavaScript warning: http://res.xy2.cbg.163.com/rc13ee7e473282e8a3c509/js/mootools-core-1.3.2.js, line 105: String.toLowerCase is deprecated; use String.prototype.toLowerCase instead
JavaScript warning: http://res.xy2.cbg.163.com/rc13ee7e473282e8a3c509/js/base.js?v=0116, line 241: unreachable code after return statement
1503414263382	Marionette	DEBUG	Received DOM event "DOMContentLoaded" for "http://xy2.cbg.163.com/cgi-bin/equipquery.py?act=show_overall_search_pet"
1503414263839	Marionette	DEBUG	Received DOM event "pageshow" for "http://xy2.cbg.163.com/cgi-bin/equipquery.py?act=show_overall_search_pet"
1503414264203	Marionette	DEBUG	Canceled page load listener because no navigation has been detected
1503414264448	Marionette	DEBUG	Canceled page load listener because no navigation has been detected
1503414264697	Marionette	DEBUG	Canceled page load listener because no navigation has been detected
1503414264944	Marionette	DEBUG	Canceled page load listener because no navigation has been detected
1503414265181	Marionette	DEBUG	Canceled page load listener because no navigation has been detected
1503414265434	Marionette	DEBUG	Canceled page load listener because no navigation has been detected
1503414279838	addons.xpi	DEBUG	Calling bootstrap method shutdown on webcompat@mozilla.org version 1.1
1503414279839	addons.xpi	DEBUG	Calling bootstrap method shutdown on shield-recipe-client@mozilla.org version 55.1
1503414279841	addons.xpi	DEBUG	Calling bootstrap method shutdown on screenshots@mozilla.org version 10.10.0
1503414279842	addons.xpi	DEBUG	Calling bootstrap method shutdown on followonsearch@mozilla.com version 0.9.1
1503414279842	addons.xpi	DEBUG	Calling bootstrap method shutdown on firefox@getpocket.com version 1.0.5
1503414279842	addons.xpi	DEBUG	Calling bootstrap method shutdown on e10srollout@mozilla.org version 2.0
1503414279843	addons.xpi	DEBUG	Calling bootstrap method shutdown on clicktoplay-rollout@mozilla.org version 1.2
1503414279843	addons.xpi	DEBUG	Calling bootstrap method shutdown on aushelper@mozilla.org version 2.0
Unable to read VR Path Registry from C:\Users\Administrator\AppData\Local\openvr\openvrpaths.vrpath
[GPU 8748] WARNING: pipe error: 109: file c:/builds/moz2_slave/m-rel-w64-00000000000000000000/build/src/ipc/chromium/src/chrome/common/ipc_channel_win.cc, line 346
[GPU 8748] WARNING: pipe error: 109: file c:/builds/moz2_slave/m-rel-w64-00000000000000000000/build/src/ipc/chromium/src/chrome/common/ipc_channel_win.cc, line 346
[Child 9488] WARNING: pipe error: 109: file c:/builds/moz2_slave/m-rel-w64-00000000000000000000/build/src/ipc/chromium/src/chrome/common/ipc_channel_win.cc, line 346
[Child 9488] WARNING: pipe error: 109: file c:/builds/moz2_slave/m-rel-w64-00000000000000000000/build/src/ipc/chromium/src/chrome/common/ipc_channel_win.cc, line 346
1503414280009	addons.manager	DEBUG	shutdown
1503414280010	addons.manager	DEBUG	Calling shutdown blocker for XPIProvider
1503414280010	addons.xpi	DEBUG	shutdown
1503414280010	addons.xpi-utils	DEBUG	shutdown
1503414280011	addons.manager	DEBUG	Calling shutdown blocker for LightweightThemeManager
1503414280011	addons.manager	DEBUG	Calling shutdown blocker for GMPProvider
1503414280012	addons.manager	DEBUG	Calling shutdown blocker for PluginProvider
1503414280013	addons.manager	DEBUG	Calling shutdown blocker for PreviousExperimentProvider
1503414280013	addons.manager	DEBUG	Calling shutdown blocker for <unnamed-provider>
1503414280015	addons.xpi	DEBUG	Notifying XPI shutdown observers
1503414280020	addons.manager	DEBUG	Async provider shutdown done
[GPU 8748] WARNING: pipe error: 109: file c:/builds/moz2_slave/m-rel-w64-00000000000000000000/build/src/ipc/chromium/src/chrome/common/ipc_channel_win.cc, line 346

###!!! [Child][MessageChannel::SendAndWait] Error: Channel error: cannot send/recv

Unable to read VR Path Registry from C:\Users\Administrator\AppData\Local\openvr\openvrpaths.vrpath


vider>
1503413003133	addons.xpi	DEBUG	Notifying XPI shutdown observers
1503413003138	addons.manager	DEBUG	Async provider shutdown done

###!!! [Child][MessageChannel::SendAndWait] Error: Channel error: cannot send/recv

	DEBUG	Received DOM event "beforeunload" for "http://xy2.cbg.163.com/cgi-bin/equipquery.py?act=show_overall_search_pet"
1503412676611	Marionette	DEBUG	Received DOM event "pagehide" for "http://xy2.cbg.163.com/cgi-bin/equipquery.py?act=show_overall_search_pet"
1503412676612	Marionette	DEBUG	Received DOM event "unload" for "http://xy2.cbg.163.com/cgi-bin/equipquery.py?act=show_overall_search_pet"
JavaScript warning: http://res.xy2.cbg.163.com/rc13ee7e473282e8a3c509/js/mootools-core-1.3.2.js, line 105: String.toLowerCase is deprecated; use String.prototype.toLowerCase instead
JavaScript warning: http://res.xy2.cbg.163.com/rc13ee7e473282e8a3c509/js/base.js?v=0116, line 241: unreachable code after return statement
1503412676767	Marionette	DEBUG	Received DOM event "DOMContentLoaded" for "http://xy2.cbg.163.com/cgi-bin/equipquery.py?act=show_overall_search_pet"
1503412676988	Marionette	DEBUG	Received DOM event "pageshow" for "http://xy2.cbg.163.com/cgi-bin/equipquery.py?act=show_overall_search_pet"
1503412677002	Marionette	DEBUG	Received DOM event "beforeunload" for "http://xy2.cbg.163.com/cgi-bin/equipquery.py?act=show_overall_search_pet"
1503412677212	Marionette	DEBUG	Received DOM event "pagehide" for "http://xy2.cbg.163.com/cgi-bin/equipquery.py?act=show_overall_search_pet"
1503412677212	Marionette	DEBUG	Received DOM event "unload" for "http://xy2.cbg.163.com/cgi-bin/equipquery.py?act=show_overall_search_pet"
JavaScript warning: http://res.xy2.cbg.163.com/rc13ee7e473282e8a3c509/js/mootools-core-1.3.2.js, line 105: String.toLowerCase is deprecated; use String.prototype.toLowerCase instead
JavaScript warning: http://res.xy2.cbg.163.com/rc13ee7e473282e8a3c509/js/base.js?v=0116, line 241: unreachable code after return statement
1503412677871	Marionette	DEBUG	Received DOM event "DOMContentLoaded" for "http://xy2.cbg.163.com/cgi-bin/equipquery.py?act=show_overall_search_pet"
1503412679332	Marionette	DEBUG	Received DOM event "pageshow" for "http://xy2.cbg.163.com/cgi-bin/equipquery.py?act=show_overall_search_pet"
1503412679696	Marionette	DEBUG	Canceled page load listener because no navigation has been detected
1503412679950	Marionette	DEBUG	Canceled page load listener because no navigation has been detected
1503412680191	Marionette	DEBUG	Canceled page load listener because no navigation has been detected
1503412680436	Marionette	DEBUG	Canceled page load listener because no navigation has been detected
1503412680685	Marionette	DEBUG	Canceled page load listener because no navigation has been detected
1503412680941	Marionette	DEBUG	Canceled page load listener because no navigation has been detected
1503412691367	Marionette	DEBUG	Canceled page load listener because no navigation has been detected
JavaScript warning: http://res.xy2.cbg.163.com/rc13ee7e473282e8a3c509/js/mootools-core-1.3.2.js, line 105: String.toLowerCase is deprecated; use String.prototype.toLowerCase instead
JavaScript warning: http://res.xy2.cbg.163.com/rc13ee7e473282e8a3c509/js/base.js?v=0116, line 241: unreachable code after return statement
JavaScript warning: http://res.xy2.cbg.163.com/rc13ee7e473282e8a3c509/js/mootools-core-1.3.2.js, line 105: String.toLowerCase is deprecated; use String.prototype.toLowerCase instead
JavaScript warning: http://res.xy2.cbg.163.com/rc13ee7e473282e8a3c509/js/base.js?v=0116, line 241: unreachable code after return statement
[GPU 8252] WARNING: pipe error: 109: file c:/builds/moz2_slave/m-rel-w64-00000000000000000000/build/src/ipc/chromium/src/chrome/common/ipc_channel_win.cc, line 346
[GPU 8252] WARNING: pipe error: 109: file c:/builds/moz2_slave/m-rel-w64-00000000000000000000/build/src/ipc/chromium/src/chrome/common/ipc_channel_win.cc, line 346
JavaScript warning: http://res.xy2.cbg.163.com/rc13ee7e473282e8a3c509/js/mootools-core-1.3.2.js, line 105: String.toLowerCase is deprecated; use String.prototype.toLowerCase instead
JavaScript warning: http://res.xy2.cbg.163.com/rc13ee7e473282e8a3c509/js/base.js?v=0116, line 241: unreachable code after return statement
[GPU 8252] WARNING: pipe error: 109: file c:/builds/moz2_slave/m-rel-w64-00000000000000000000/build/src/ipc/chromium/src/chrome/common/ipc_channel_win.cc, line 346
1503412756227	addons.xpi	DEBUG	Calling bootstrap method shutdown on webcompat@mozilla.org version 1.1
1503412756228	addons.xpi	DEBUG	Calling bootstrap method shutdown on shield-recipe-client@mozilla.org version 55.1
1503412756231	addons.xpi	DEBUG	Calling bootstrap method shutdown on screenshots@mozilla.org version 10.10.0
1503412756231	addons.xpi	DEBUG	Calling bootstrap method shutdown on followonsearch@mozilla.com version 0.9.1
1503412756232	addons.xpi	DEBUG	Calling bootstrap method shutdown on firefox@getpocket.com version 1.0.5
1503412756232	addons.xpi	DEBUG	Calling bootstrap method shutdown on e10srollout@mozilla.org version 2.0
1503412756232	addons.xpi	DEBUG	Calling bootstrap method shutdown on clicktoplay-rollout@mozilla.org version 1.2
1503412756233	addons.xpi	DEBUG	Calling bootstrap method shutdown on aushelper@mozilla.org version 2.0
[GPU 8252] WARNING: pipe error: 109: file c:/builds/moz2_slave/m-rel-w64-00000000000000000000/build/src/ipc/chromium/src/chrome/common/ipc_channel_win.cc, line 346
[GPU 8252] WARNING: pipe error: 109: file c:/builds/moz2_slave/m-rel-w64-00000000000000000000/build/src/ipc/chromium/src/chrome/common/ipc_channel_win.cc, line 346
[Parent 8808] WARNING: pipe error: 109: file c:/builds/moz2_slave/m-rel-w64-00000000000000000000/build/src/ipc/chromium/src/chrome/common/ipc_channel_win.cc, line 346
[Child 7620] WARNING: pipe error: 109: file c:/builds/moz2_slave/m-rel-w64-00000000000000000000/build/src/ipc/chromium/src/chrome/common/ipc_channel_win.cc, line 346
[Child 7620] WARNING: pipe error: 109: file c:/builds/moz2_slave/m-rel-w64-00000000000000000000/build/src/ipc/chromium/src/chrome/common/ipc_channel_win.cc, line 346
1503412756390	addons.manager	DEBUG	shutdown
1503412756391	addons.manager	DEBUG	Calling shutdown blocker for XPIProvider
1503412756391	addons.xpi	DEBUG	shutdown
1503412756392	addons.xpi-utils	DEBUG	shutdown
1503412756392	addons.manager	DEBUG	Calling shutdown blocker for LightweightThemeManager
1503412756393	addons.manager	DEBUG	Calling shutdown blocker for GMPProvider
1503412756394	addons.manager	DEBUG	Calling shutdown blocker for PluginProvider
1503412756394	addons.manager	DEBUG	Calling shutdown blocker for PreviousExperimentProvider
1503412756394	addons.manager	DEBUG	Calling shutdown blocker for <unnamed-provider>
1503412756396	addons.xpi	DEBUG	Notifying XPI shutdown observers
1503412756402	addons.manager	DEBUG	Async provider shutdown done

###!!! [Child][MessageChannel::SendAndWait] Error: Channel error: cannot send/recv

rionette	DEBUG	Received DOM event "unload" for "http://xy2.cbg.163.com/cgi-bin/equipquery.py?act=show_overall_search_pet"
JavaScript warning: http://res.xy2.cbg.163.com/rc13ee7e473282e8a3c509/js/mootools-core-1.3.2.js, line 105: String.toLowerCase is deprecated; use String.prototype.toLowerCase instead
JavaScript warning: http://res.xy2.cbg.163.com/rc13ee7e473282e8a3c509/js/base.js?v=0116, line 241: unreachable code after return statement
1503411463158	Marionette	DEBUG	Received DOM event "DOMContentLoaded" for "http://xy2.cbg.163.com/cgi-bin/equipquery.py?act=show_overall_search_pet"
1503411463516	Marionette	DEBUG	Received DOM event "pageshow" for "http://xy2.cbg.163.com/cgi-bin/equipquery.py?act=show_overall_search_pet"
1503411463863	Marionette	DEBUG	Canceled page load listener because no navigation has been detected
1503411464100	Marionette	DEBUG	Canceled page load listener because no navigation has been detected
1503411464323	Marionette	DEBUG	Canceled page load listener because no navigation has been detected
1503411464547	Marionette	DEBUG	Canceled page load listener because no navigation has been detected
1503411464785	Marionette	DEBUG	Canceled page load listener because no navigation has been detected
1503411465039	Marionette	DEBUG	Canceled page load listener because no navigation has been detected
1503411477102	addons.xpi	DEBUG	Calling bootstrap method shutdown on webcompat@mozilla.org version 1.1
1503411477103	addons.xpi	DEBUG	Calling bootstrap method shutdown on shield-recipe-client@mozilla.org version 55.1
1503411477107	addons.xpi	DEBUG	Calling bootstrap method shutdown on screenshots@mozilla.org version 10.10.0
1503411477107	addons.xpi	DEBUG	Calling bootstrap method shutdown on followonsearch@mozilla.com version 0.9.1
1503411477108	addons.xpi	DEBUG	Calling bootstrap method shutdown on firefox@getpocket.com version 1.0.5
1503411477108	addons.xpi	DEBUG	Calling bootstrap method shutdown on e10srollout@mozilla.org version 2.0
1503411477109	addons.xpi	DEBUG	Calling bootstrap method shutdown on clicktoplay-rollout@mozilla.org version 1.2
1503411477109	addons.xpi	DEBUG	Calling bootstrap method shutdown on aushelper@mozilla.org version 2.0
[GPU 4108] WARNING: pipe error: 109: file c:/builds/moz2_slave/m-rel-w64-00000000000000000000/build/src/ipc/chromium/src/chrome/common/ipc_channel_win.cc, line 346
[GPU 4108] WARNING: pipe error: 109: file c:/builds/moz2_slave/m-rel-w64-00000000000000000000/build/src/ipc/chromium/src/chrome/common/ipc_channel_win.cc, line 346
[Child 10456] WARNING: pipe error: 109: file c:/builds/moz2_slave/m-rel-w64-00000000000000000000/build/src/ipc/chromium/src/chrome/common/ipc_channel_win.cc, line 346
[Child 10456] WARNING: pipe error: 109: file c:/builds/moz2_slave/m-rel-w64-00000000000000000000/build/src/ipc/chromium/src/chrome/common/ipc_channel_win.cc, line 346
1503411477262	addons.manager	DEBUG	shutdown
1503411477263	addons.manager	DEBUG	Calling shutdown blocker for XPIProvider
1503411477263	addons.xpi	DEBUG	shutdown
1503411477263	addons.xpi-utils	DEBUG	shutdown
1503411477264	addons.manager	DEBUG	Calling shutdown blocker for LightweightThemeManager
1503411477264	addons.manager	DEBUG	Calling shutdown blocker for GMPProvider
1503411477265	addons.manager	DEBUG	Calling shutdown blocker for PluginProvider
1503411477266	addons.manager	DEBUG	Calling shutdown blocker for PreviousExperimentProvider
1503411477266	addons.manager	DEBUG	Calling shutdown blocker for <unnamed-provider>
1503411477268	addons.xpi	DEBUG	Notifying XPI shutdown observers
1503411477273	addons.manager	DEBUG	Async provider shutdown done

###!!! [Child][MessageChannel::SendAndWait] Error: Channel error: cannot send/recv

